c:\users\eavan\source\repos\ew_engine\ew_engine\debug\vc142.pdb
c:\users\eavan\source\repos\ew_engine\ew_engine\debug\vc142.idb
c:\users\eavan\source\repos\ew_engine\ew_engine\debug\ew_engine.obj
c:\users\eavan\source\repos\ew_engine\ew_engine\debug\test_prac.obj
c:\users\eavan\source\repos\ew_engine\ew_engine\debug\ew_device.obj
c:\users\eavan\source\repos\ew_engine\ew_engine\debug\ew_window.obj
c:\users\eavan\source\repos\ew_engine\ew_engine\debug\ew_engine.pch
c:\users\eavan\source\repos\ew_engine\ew_engine\debug\ew_engine.res
c:\users\eavan\source\repos\ew_engine\debug\ew_engine.pdb
c:\users\eavan\source\repos\ew_engine\ew_engine\debug\ew_engine.tlog\cl.command.1.tlog
c:\users\eavan\source\repos\ew_engine\ew_engine\debug\ew_engine.tlog\cl.read.1.tlog
c:\users\eavan\source\repos\ew_engine\ew_engine\debug\ew_engine.tlog\cl.write.1.tlog
c:\users\eavan\source\repos\ew_engine\ew_engine\debug\ew_engine.tlog\link-cvtres.read.1.tlog
c:\users\eavan\source\repos\ew_engine\ew_engine\debug\ew_engine.tlog\link-cvtres.write.1.tlog
c:\users\eavan\source\repos\ew_engine\ew_engine\debug\ew_engine.tlog\link-rc.read.1.tlog
c:\users\eavan\source\repos\ew_engine\ew_engine\debug\ew_engine.tlog\link-rc.write.1.tlog
c:\users\eavan\source\repos\ew_engine\ew_engine\debug\ew_engine.tlog\link.1884-cvtres.read.1.tlog
c:\users\eavan\source\repos\ew_engine\ew_engine\debug\ew_engine.tlog\link.1884-cvtres.write.1.tlog
c:\users\eavan\source\repos\ew_engine\ew_engine\debug\ew_engine.tlog\link.1884-rc.read.1.tlog
c:\users\eavan\source\repos\ew_engine\ew_engine\debug\ew_engine.tlog\link.1884-rc.write.1.tlog
c:\users\eavan\source\repos\ew_engine\ew_engine\debug\ew_engine.tlog\link.1884.read.1.tlog
c:\users\eavan\source\repos\ew_engine\ew_engine\debug\ew_engine.tlog\link.1884.write.1.tlog
c:\users\eavan\source\repos\ew_engine\ew_engine\debug\ew_engine.tlog\link.command.1.tlog
c:\users\eavan\source\repos\ew_engine\ew_engine\debug\ew_engine.tlog\link.read.1.tlog
c:\users\eavan\source\repos\ew_engine\ew_engine\debug\ew_engine.tlog\link.write.1.tlog
c:\users\eavan\source\repos\ew_engine\ew_engine\debug\ew_engine.tlog\rc.command.1.tlog
c:\users\eavan\source\repos\ew_engine\ew_engine\debug\ew_engine.tlog\rc.read.1.tlog
c:\users\eavan\source\repos\ew_engine\ew_engine\debug\ew_engine.tlog\rc.write.1.tlog
